
  .   ____          _            __ _ _
 /\\ / ___'_ __ _ _(_)_ __  __ _ \ \ \ \
( ( )\___ | '_ | '_| | '_ \/ _` | \ \ \ \
 \\/  ___)| |_)| | | | | || (_| |  ) ) ) )
  '  |____| .__|_| |_|_| |_\__, | / / / /
 =========|_|==============|___/=/_/_/_/
 :: Spring Boot ::                (v2.5.2)

2021-08-19 15:50:09.963  INFO 47721 --- [           main] com.jon.eureka.EurekaApplication         : Starting EurekaApplication v0.0.1-SNAPSHOT using Java 1.8.0_291 on MacBook-Pro.local with PID 47721 (/Users/jon/Desktop/finalproject-backend/jars/eureka.jar started by jon in /Users/jon/Desktop/finalproject-backend)
2021-08-19 15:50:09.967  INFO 47721 --- [           main] com.jon.eureka.EurekaApplication         : No active profile set, falling back to default profiles: default
2021-08-19 15:50:11.671  INFO 47721 --- [           main] o.s.cloud.context.scope.GenericScope     : BeanFactory id=3ebe42c1-5a14-3c99-9cf0-16663e96ee0e
2021-08-19 15:50:12.093  INFO 47721 --- [           main] o.s.b.w.embedded.tomcat.TomcatWebServer  : Tomcat initialized with port(s): 8761 (http)
2021-08-19 15:50:12.110  INFO 47721 --- [           main] o.apache.catalina.core.StandardService   : Starting service [Tomcat]
2021-08-19 15:50:12.110  INFO 47721 --- [           main] org.apache.catalina.core.StandardEngine  : Starting Servlet engine: [Apache Tomcat/9.0.48]
2021-08-19 15:50:12.254  INFO 47721 --- [           main] o.a.c.c.C.[Tomcat].[localhost].[/]       : Initializing Spring embedded WebApplicationContext
2021-08-19 15:50:12.254  INFO 47721 --- [           main] w.s.c.ServletWebServerApplicationContext : Root WebApplicationContext: initialization completed in 2200 ms
2021-08-19 15:50:12.836  INFO 47721 --- [           main] c.s.j.s.i.a.WebApplicationImpl           : Initiating Jersey application, version 'Jersey: 1.19.4 05/24/2017 03:20 PM'
2021-08-19 15:50:12.916  INFO 47721 --- [           main] c.n.d.provider.DiscoveryJerseyProvider   : Using JSON encoding codec LegacyJacksonJson
2021-08-19 15:50:12.918  INFO 47721 --- [           main] c.n.d.provider.DiscoveryJerseyProvider   : Using JSON decoding codec LegacyJacksonJson
2021-08-19 15:50:13.101  INFO 47721 --- [           main] c.n.d.provider.DiscoveryJerseyProvider   : Using XML encoding codec XStreamXml
2021-08-19 15:50:13.101  INFO 47721 --- [           main] c.n.d.provider.DiscoveryJerseyProvider   : Using XML decoding codec XStreamXml
2021-08-19 15:50:14.509  INFO 47721 --- [           main] DiscoveryClientOptionalArgsConfiguration : Eureka HTTP Client uses Jersey
2021-08-19 15:50:14.599  WARN 47721 --- [           main] iguration$LoadBalancerCaffeineWarnLogger : Spring Cloud LoadBalancer is currently working with the default cache. You can switch to using Caffeine cache, by adding it and org.springframework.cache.caffeine.CaffeineCacheManager to the classpath.
2021-08-19 15:50:14.623  INFO 47721 --- [           main] o.s.c.n.eureka.InstanceInfoFactory       : Setting initial instance status as: STARTING
2021-08-19 15:50:14.683  INFO 47721 --- [           main] com.netflix.discovery.DiscoveryClient    : Initializing Eureka in region us-east-1
2021-08-19 15:50:14.683  INFO 47721 --- [           main] com.netflix.discovery.DiscoveryClient    : Client configured to neither register nor query for data.
2021-08-19 15:50:14.702  INFO 47721 --- [           main] com.netflix.discovery.DiscoveryClient    : Discovery Client initialized at timestamp 1629359414700 with initial instances count: 0
2021-08-19 15:50:14.765  INFO 47721 --- [           main] c.n.eureka.DefaultEurekaServerContext    : Initializing ...
2021-08-19 15:50:14.768  INFO 47721 --- [           main] c.n.eureka.cluster.PeerEurekaNodes       : Adding new peer nodes [http://localhost:8761/eureka/]
2021-08-19 15:50:15.213  INFO 47721 --- [           main] c.n.d.provider.DiscoveryJerseyProvider   : Using JSON encoding codec LegacyJacksonJson
2021-08-19 15:50:15.213  INFO 47721 --- [           main] c.n.d.provider.DiscoveryJerseyProvider   : Using JSON decoding codec LegacyJacksonJson
2021-08-19 15:50:15.213  INFO 47721 --- [           main] c.n.d.provider.DiscoveryJerseyProvider   : Using XML encoding codec XStreamXml
2021-08-19 15:50:15.213  INFO 47721 --- [           main] c.n.d.provider.DiscoveryJerseyProvider   : Using XML decoding codec XStreamXml
2021-08-19 15:50:15.322  INFO 47721 --- [           main] c.n.eureka.cluster.PeerEurekaNodes       : Replica node URL:  http://localhost:8761/eureka/
2021-08-19 15:50:15.331  INFO 47721 --- [           main] c.n.e.registry.AbstractInstanceRegistry  : Finished initializing remote region registries. All known remote regions: []
2021-08-19 15:50:15.332  INFO 47721 --- [           main] c.n.eureka.DefaultEurekaServerContext    : Initialized
2021-08-19 15:50:15.340  INFO 47721 --- [           main] o.s.b.a.e.web.EndpointLinksResolver      : Exposing 1 endpoint(s) beneath base path '/actuator'
2021-08-19 15:50:15.367  INFO 47721 --- [           main] o.s.c.n.e.s.EurekaServiceRegistry        : Registering application UNKNOWN with eureka with status UP
2021-08-19 15:50:15.369  INFO 47721 --- [      Thread-10] o.s.c.n.e.server.EurekaServerBootstrap   : Setting the eureka configuration..
2021-08-19 15:50:15.388  INFO 47721 --- [      Thread-10] o.s.c.n.e.server.EurekaServerBootstrap   : isAws returned false
2021-08-19 15:50:15.388  INFO 47721 --- [      Thread-10] o.s.c.n.e.server.EurekaServerBootstrap   : Initialized server context
2021-08-19 15:50:15.388  INFO 47721 --- [      Thread-10] c.n.e.r.PeerAwareInstanceRegistryImpl    : Got 1 instances from neighboring DS node
2021-08-19 15:50:15.388  INFO 47721 --- [      Thread-10] c.n.e.r.PeerAwareInstanceRegistryImpl    : Renew threshold is: 1
2021-08-19 15:50:15.388  INFO 47721 --- [      Thread-10] c.n.e.r.PeerAwareInstanceRegistryImpl    : Changing status to UP
2021-08-19 15:50:15.399  INFO 47721 --- [      Thread-10] e.s.EurekaServerInitializerConfiguration : Started Eureka Server
2021-08-19 15:50:15.418  INFO 47721 --- [           main] o.s.b.w.embedded.tomcat.TomcatWebServer  : Tomcat started on port(s): 8761 (http) with context path ''
2021-08-19 15:50:15.419  INFO 47721 --- [           main] .s.c.n.e.s.EurekaAutoServiceRegistration : Updating port to 8761
2021-08-19 15:50:15.438  INFO 47721 --- [           main] com.jon.eureka.EurekaApplication         : Started EurekaApplication in 6.488 seconds (JVM running for 7.395)
2021-08-19 15:50:23.468  INFO 47721 --- [ionShutdownHook] o.s.c.n.e.s.EurekaServiceRegistry        : Unregistering application UNKNOWN with eureka with status DOWN
2021-08-19 15:50:23.500  INFO 47721 --- [ionShutdownHook] o.s.c.n.e.server.EurekaServerBootstrap   : Shutting down Eureka Server..
2021-08-19 15:50:23.507  INFO 47721 --- [ionShutdownHook] c.n.eureka.DefaultEurekaServerContext    : Shutting down ...
2021-08-19 15:50:23.521  INFO 47721 --- [ionShutdownHook] c.n.eureka.DefaultEurekaServerContext    : Shut down
2021-08-19 15:50:23.521  INFO 47721 --- [ionShutdownHook] o.s.c.n.e.server.EurekaServerBootstrap   : Eureka Service is now shutdown...
2021-08-19 15:50:23.522  INFO 47721 --- [ionShutdownHook] c.n.eureka.DefaultEurekaServerContext    : Shutting down ...
2021-08-19 15:50:23.525  INFO 47721 --- [ionShutdownHook] c.n.eureka.DefaultEurekaServerContext    : Shut down
2021-08-19 15:50:23.531  INFO 47721 --- [ionShutdownHook] com.netflix.discovery.DiscoveryClient    : Shutting down DiscoveryClient ...
2021-08-19 15:50:23.531  INFO 47721 --- [ionShutdownHook] com.netflix.discovery.DiscoveryClient    : Completed shut down of DiscoveryClient
